TN:
SF:/home/savvich/lab3/CompleteBinaryTree.h
FN:12,12,_ZN8TreeNodeC2Ei
FN:20,25,_ZN18CompleteBinaryTree10deleteTreeEP8TreeNode
FN:28,28,_ZN18CompleteBinaryTreeC2Ev
FN:29,29,_ZN18CompleteBinaryTreeD2Ev
FN:32,56,_ZN18CompleteBinaryTree6insertEi
FN:58,70,_ZN18CompleteBinaryTree4findEi
FN:72,87,_ZN18CompleteBinaryTree10saveToTextENSt7__cxx1112basic_stringIcSt11char_traitsIcESaIcEEE
FN:89,104,_ZN18CompleteBinaryTree12loadFromTextENSt7__cxx1112basic_stringIcSt11char_traitsIcESaIcEEE
FNDA:6,_ZN8TreeNodeC2Ei
FNDA:16,_ZN18CompleteBinaryTree10deleteTreeEP8TreeNode
FNDA:3,_ZN18CompleteBinaryTreeC2Ev
FNDA:3,_ZN18CompleteBinaryTreeD2Ev
FNDA:6,_ZN18CompleteBinaryTree6insertEi
FNDA:6,_ZN18CompleteBinaryTree4findEi
FNDA:2,_ZN18CompleteBinaryTree10saveToTextENSt7__cxx1112basic_stringIcSt11char_traitsIcESaIcEEE
FNDA:1,_ZN18CompleteBinaryTree12loadFromTextENSt7__cxx1112basic_stringIcSt11char_traitsIcESaIcEEE
FNF:8
FNH:8
DA:12,6
DA:20,16
DA:21,16
DA:22,6
DA:23,6
DA:24,6
DA:28,3
DA:29,3
DA:32,6
DA:33,6
DA:34,6
DA:35,2
DA:36,2
DA:37,6
DA:39,4
DA:40,4
DA:41,4
DA:42,4
DA:43,4
DA:44,4
DA:45,2
DA:46,2
DA:47,2
DA:48,2
DA:50,2
DA:51,2
DA:52,2
DA:53,2
DA:54,0
DA:56,4
DA:58,6
DA:59,6
DA:60,5
DA:61,5
DA:62,17
DA:63,11
DA:64,11
DA:65,11
DA:66,7
DA:67,7
DA:69,1
DA:70,5
DA:72,2
DA:73,2
DA:74,2
DA:75,2
DA:77,1
DA:78,1
DA:79,5
DA:80,3
DA:81,3
DA:82,3
DA:83,3
DA:84,3
DA:86,1
DA:87,2
DA:89,1
DA:90,1
DA:92,1
DA:94,1
DA:95,1
DA:96,1
DA:99,4
DA:100,3
DA:101,3
DA:103,1
DA:104,1
LF:67
LH:66
end_of_record
TN:
SF:/home/savvich/lab3/DoublyList.h
FN:10,10,_ZN5DNodeC2ENSt7__cxx1112basic_stringIcSt11char_traitsIcESaIcEEE
FN:18,18,_ZN10DoublyListC2Ev
FN:20,28,_ZN10DoublyList8pushBackENSt7__cxx1112basic_stringIcSt11char_traitsIcESaIcEEE
FN:30,33,_ZN10DoublyList7getTailB5cxx11Ev
FNDA:2,_ZN5DNodeC2ENSt7__cxx1112basic_stringIcSt11char_traitsIcESaIcEEE
FNDA:2,_ZN10DoublyListC2Ev
FNDA:2,_ZN10DoublyList8pushBackENSt7__cxx1112basic_stringIcSt11char_traitsIcESaIcEEE
FNDA:2,_ZN10DoublyList7getTailB5cxx11Ev
FNF:4
FNH:4
DA:10,2
DA:18,2
DA:20,2
DA:21,2
DA:22,2
DA:24,1
DA:25,1
DA:26,1
DA:28,2
DA:30,2
DA:31,4
DA:32,1
LF:12
LH:12
end_of_record
TN:
SF:/home/savvich/lab3/DynamicArray.h
FN:14,20,_ZN12DynamicArray6resizeEv
FN:24,28,_ZN12DynamicArrayC2Ei
FN:31,33,_ZN12DynamicArrayD2Ev
FN:35,38,_ZN12DynamicArray8pushBackENSt7__cxx1112basic_stringIcSt11char_traitsIcESaIcEEE
FN:40,43,_ZN12DynamicArray3getB5cxx11Ei
FN:45,45,_ZN12DynamicArray7getSizeEv
FN:48,53,_ZN12DynamicArray10saveToTextENSt7__cxx1112basic_stringIcSt11char_traitsIcESaIcEEE
FN:56,71,_ZN12DynamicArray12loadFromTextENSt7__cxx1112basic_stringIcSt11char_traitsIcESaIcEEE
FN:74,83,_ZN12DynamicArray12saveToBinaryENSt7__cxx1112basic_stringIcSt11char_traitsIcESaIcEEE
FN:86,103,_ZN12DynamicArray14loadFromBinaryENSt7__cxx1112basic_stringIcSt11char_traitsIcESaIcEEE
FNDA:3,_ZN12DynamicArray6resizeEv
FNDA:6,_ZN12DynamicArrayC2Ei
FNDA:6,_ZN12DynamicArrayD2Ev
FNDA:66,_ZN12DynamicArray8pushBackENSt7__cxx1112basic_stringIcSt11char_traitsIcESaIcEEE
FNDA:10,_ZN12DynamicArray3getB5cxx11Ei
FNDA:13,_ZN12DynamicArray7getSizeEv
FNDA:2,_ZN12DynamicArray10saveToTextENSt7__cxx1112basic_stringIcSt11char_traitsIcESaIcEEE
FNDA:3,_ZN12DynamicArray12loadFromTextENSt7__cxx1112basic_stringIcSt11char_traitsIcESaIcEEE
FNDA:1,_ZN12DynamicArray12saveToBinaryENSt7__cxx1112basic_stringIcSt11char_traitsIcESaIcEEE
FNDA:2,_ZN12DynamicArray14loadFromBinaryENSt7__cxx1112basic_stringIcSt11char_traitsIcESaIcEEE
FNF:10
FNH:10
DA:14,3
DA:15,3
DA:16,63
DA:17,33
DA:18,33
DA:19,3
DA:20,3
DA:24,6
DA:25,6
DA:26,6
DA:27,66
DA:28,6
DA:31,6
DA:32,96
DA:33,6
DA:35,66
DA:36,66
DA:37,66
DA:38,66
DA:40,10
DA:41,10
DA:42,8
DA:45,13
DA:48,2
DA:49,2
DA:50,2
DA:51,25
DA:52,2
DA:53,2
DA:56,3
DA:57,3
DA:58,3
DA:60,2
DA:61,2
DA:62,2
DA:65,2
DA:66,25
DA:67,23
DA:68,23
DA:70,2
DA:71,3
DA:74,1
DA:75,1
DA:76,1
DA:77,21
DA:78,20
DA:79,20
DA:80,20
DA:82,1
DA:83,1
DA:86,2
DA:87,2
DA:88,2
DA:90,1
DA:92,1
DA:93,21
DA:95,20
DA:96,20
DA:97,20
DA:98,20
DA:99,20
DA:100,20
DA:102,1
DA:103,2
LF:64
LH:64
end_of_record
TN:
SF:/home/savvich/lab3/HashTable.h
FN:22,26,_ZN9HashTable8hashFuncENSt7__cxx1112basic_stringIcSt11char_traitsIcESaIcEEE
FN:29,31,_ZN9HashTableC2Ei
FN:33,44,_ZN9HashTable3putENSt7__cxx1112basic_stringIcSt11char_traitsIcESaIcEEES5_
FN:46,57,_ZN9HashTable3getENSt7__cxx1112basic_stringIcSt11char_traitsIcESaIcEEE
FN:60,69,_ZN9HashTable10saveToTextENSt7__cxx1112basic_stringIcSt11char_traitsIcESaIcEEE
FN:71,88,_ZN9HashTable12loadFromTextENSt7__cxx1112basic_stringIcSt11char_traitsIcESaIcEEE
FNDA:12,_ZN9HashTable8hashFuncENSt7__cxx1112basic_stringIcSt11char_traitsIcESaIcEEE
FNDA:2,_ZN9HashTableC2Ei
FNDA:7,_ZN9HashTable3putENSt7__cxx1112basic_stringIcSt11char_traitsIcESaIcEEES5_
FNDA:5,_ZN9HashTable3getENSt7__cxx1112basic_stringIcSt11char_traitsIcESaIcEEE
FNDA:1,_ZN9HashTable10saveToTextENSt7__cxx1112basic_stringIcSt11char_traitsIcESaIcEEE
FNDA:1,_ZN9HashTable12loadFromTextENSt7__cxx1112basic_stringIcSt11char_traitsIcESaIcEEE
FNF:6
FNH:6
DA:22,12
DA:23,12
DA:24,24
DA:25,12
DA:29,2
DA:30,2
DA:31,2
DA:33,7
DA:34,7
DA:35,13
DA:36,7
DA:37,1
DA:38,1
DA:40,6
DA:42,6
DA:43,6
DA:44,6
DA:46,5
DA:47,5
DA:48,5
DA:49,9
DA:50,8
DA:51,4
DA:53,4
DA:54,4
DA:56,2
DA:60,1
DA:61,1
DA:62,1
DA:63,6
DA:64,5
DA:65,3
DA:68,1
DA:69,1
DA:71,1
DA:72,1
DA:74,1
DA:75,1
DA:76,1
DA:79,1
DA:80,1
DA:82,4
DA:83,3
DA:84,3
DA:85,3
DA:87,1
DA:88,1
LF:47
LH:47
end_of_record
TN:
SF:/home/savvich/lab3/Queue.h
FN:17,19,_ZN5QueueC2Ei
FN:21,21,_ZN5QueueD2Ev
FN:23,28,_ZN5Queue4pushENSt7__cxx1112basic_stringIcSt11char_traitsIcESaIcEEE
FN:30,36,_ZN5Queue3popB5cxx11Ev
FN:39,46,_ZN5Queue10saveToTextENSt7__cxx1112basic_stringIcSt11char_traitsIcESaIcEEE
FN:48,62,_ZN5Queue12loadFromTextENSt7__cxx1112basic_stringIcSt11char_traitsIcESaIcEEE
FNDA:3,_ZN5QueueC2Ei
FNDA:3,_ZN5QueueD2Ev
FNDA:6,_ZN5Queue4pushENSt7__cxx1112basic_stringIcSt11char_traitsIcESaIcEEE
FNDA:3,_ZN5Queue3popB5cxx11Ev
FNDA:1,_ZN5Queue10saveToTextENSt7__cxx1112basic_stringIcSt11char_traitsIcESaIcEEE
FNDA:1,_ZN5Queue12loadFromTextENSt7__cxx1112basic_stringIcSt11char_traitsIcESaIcEEE
FNF:6
FNH:6
DA:17,3
DA:18,26
DA:19,3
DA:21,26
DA:23,6
DA:24,6
DA:25,5
DA:26,5
DA:27,5
DA:30,3
DA:31,5
DA:32,2
DA:33,2
DA:34,2
DA:35,2
DA:36,2
DA:39,1
DA:40,1
DA:41,1
DA:42,3
DA:43,2
DA:45,1
DA:46,1
DA:48,1
DA:49,1
DA:51,1
DA:52,1
DA:53,1
DA:56,1
DA:57,3
DA:58,2
DA:59,2
DA:61,1
DA:62,1
LF:34
LH:34
end_of_record
TN:
SF:/home/savvich/lab3/SinglyList.h
FN:11,11,_ZN5SNodeC2ENSt7__cxx1112basic_stringIcSt11char_traitsIcESaIcEEE
FN:21,21,_ZN10SinglyListC2Ev
FN:23,29,_ZN10SinglyListD2Ev
FN:31,39,_ZN10SinglyList8pushBackENSt7__cxx1112basic_stringIcSt11char_traitsIcESaIcEEE
FN:41,44,_ZN10SinglyList7getHeadB5cxx11Ev
FN:46,55,_ZN10SinglyList10saveToTextENSt7__cxx1112basic_stringIcSt11char_traitsIcESaIcEEE
FN:57,70,_ZN10SinglyList12loadFromTextENSt7__cxx1112basic_stringIcSt11char_traitsIcESaIcEEE
FN:73,84,_ZN10SinglyList12saveToBinaryENSt7__cxx1112basic_stringIcSt11char_traitsIcESaIcEEE
FNDA:4,_ZN5SNodeC2ENSt7__cxx1112basic_stringIcSt11char_traitsIcESaIcEEE
FNDA:3,_ZN10SinglyListC2Ev
FNDA:3,_ZN10SinglyListD2Ev
FNDA:4,_ZN10SinglyList8pushBackENSt7__cxx1112basic_stringIcSt11char_traitsIcESaIcEEE
FNDA:2,_ZN10SinglyList7getHeadB5cxx11Ev
FNDA:1,_ZN10SinglyList10saveToTextENSt7__cxx1112basic_stringIcSt11char_traitsIcESaIcEEE
FNDA:1,_ZN10SinglyList12loadFromTextENSt7__cxx1112basic_stringIcSt11char_traitsIcESaIcEEE
FNDA:2,_ZN10SinglyList12saveToBinaryENSt7__cxx1112basic_stringIcSt11char_traitsIcESaIcEEE
FNF:8
FNH:8
DA:11,4
DA:21,3
DA:23,3
DA:24,10
DA:25,4
DA:26,4
DA:27,4
DA:29,3
DA:31,4
DA:32,4
DA:33,4
DA:35,2
DA:36,2
DA:38,4
DA:39,4
DA:41,2
DA:42,2
DA:43,2
DA:46,1
DA:47,1
DA:48,1
DA:49,1
DA:50,3
DA:51,2
DA:52,2
DA:54,1
DA:55,1
DA:57,1
DA:58,1
DA:60,1
DA:61,1
DA:62,1
DA:65,3
DA:66,2
DA:67,2
DA:69,1
DA:70,1
DA:73,2
DA:74,2
DA:75,2
DA:76,2
DA:77,4
DA:78,2
DA:79,2
DA:80,2
DA:81,2
DA:83,2
DA:84,2
LF:48
LH:48
end_of_record
TN:
SF:/home/savvich/lab3/Stack.h
FN:12,18,_ZN5Stack3popB5cxx11Ev
FN:20,22,_ZN5Stack10saveToTextENSt7__cxx1112basic_stringIcSt11char_traitsIcESaIcEEE
FN:24,26,_ZN5Stack12loadFromTextENSt7__cxx1112basic_stringIcSt11char_traitsIcESaIcEEE
FN:8,10,_ZN5Stack4pushENSt7__cxx1112basic_stringIcSt11char_traitsIcESaIcEEE
FNDA:4,_ZN5Stack3popB5cxx11Ev
FNDA:1,_ZN5Stack10saveToTextENSt7__cxx1112basic_stringIcSt11char_traitsIcESaIcEEE
FNDA:1,_ZN5Stack12loadFromTextENSt7__cxx1112basic_stringIcSt11char_traitsIcESaIcEEE
FNDA:3,_ZN5Stack4pushENSt7__cxx1112basic_stringIcSt11char_traitsIcESaIcEEE
FNF:4
FNH:4
DA:8,3
DA:9,3
DA:10,3
DA:12,4
DA:13,4
DA:15,4
DA:17,4
DA:18,4
DA:20,1
DA:21,1
DA:22,1
DA:24,1
DA:25,1
DA:26,1
LF:14
LH:14
end_of_record
