mode: set
lab3-go/structures/array.go:13.38,15.2 1 1
lab3-go/structures/array.go:17.36,19.2 1 1
lab3-go/structures/array.go:21.46,23.2 1 1
lab3-go/structures/array.go:25.47,27.2 1 1
lab3-go/structures/array.go:29.57,30.39 1 1
lab3-go/structures/array.go:30.39,31.30 1 1
lab3-go/structures/array.go:33.2,33.27 1 1
lab3-go/structures/array.go:33.27,36.3 2 1
lab3-go/structures/array.go:37.2,38.22 2 1
lab3-go/structures/array.go:41.35,42.22 1 1
lab3-go/structures/array.go:42.22,44.3 1 1
lab3-go/structures/array.go:47.36,48.22 1 1
lab3-go/structures/array.go:48.22,50.3 1 1
lab3-go/structures/array.go:53.45,54.40 1 1
lab3-go/structures/array.go:54.40,55.30 1 1
lab3-go/structures/array.go:57.2,57.57 1 1
lab3-go/structures/array.go:60.47,61.40 1 1
lab3-go/structures/array.go:61.40,62.30 1 1
lab3-go/structures/array.go:64.2,64.23 1 1
lab3-go/structures/array.go:67.52,68.40 1 1
lab3-go/structures/array.go:68.40,69.30 1 1
lab3-go/structures/array.go:71.2,71.22 1 1
lab3-go/structures/array.go:74.46,75.28 1 1
lab3-go/structures/array.go:75.28,76.15 1 1
lab3-go/structures/array.go:76.15,78.4 1 1
lab3-go/structures/array.go:80.2,80.11 1 1
lab3-go/structures/array.go:84.59,86.16 2 1
lab3-go/structures/array.go:86.16,88.3 1 0
lab3-go/structures/array.go:89.2,92.28 3 1
lab3-go/structures/array.go:92.28,94.3 1 1
lab3-go/structures/array.go:95.2,95.12 1 1
lab3-go/structures/array.go:98.61,100.16 2 1
lab3-go/structures/array.go:100.16,102.3 1 1
lab3-go/structures/array.go:103.2,109.28 5 1
lab3-go/structures/array.go:109.28,113.3 3 1
lab3-go/structures/array.go:114.2,114.12 1 1
lab3-go/structures/array.go:118.61,120.16 2 1
lab3-go/structures/array.go:120.16,122.3 1 0
lab3-go/structures/array.go:123.2,125.32 3 1
lab3-go/structures/array.go:128.63,130.16 2 1
lab3-go/structures/array.go:130.16,132.3 1 1
lab3-go/structures/array.go:133.2,135.33 3 1
lab3-go/structures/hashtables.go:21.39,27.2 1 1
lab3-go/structures/hashtables.go:29.51,31.24 2 1
lab3-go/structures/hashtables.go:31.24,33.3 1 1
lab3-go/structures/hashtables.go:34.2,34.13 1 1
lab3-go/structures/hashtables.go:37.45,40.18 3 1
lab3-go/structures/hashtables.go:40.18,41.22 1 1
lab3-go/structures/hashtables.go:41.22,44.4 2 1
lab3-go/structures/hashtables.go:45.3,45.19 1 1
lab3-go/structures/hashtables.go:47.2,49.11 3 1
lab3-go/structures/hashtables.go:52.45,55.18 3 1
lab3-go/structures/hashtables.go:55.18,56.22 1 1
lab3-go/structures/hashtables.go:56.22,58.4 1 1
lab3-go/structures/hashtables.go:59.3,59.19 1 1
lab3-go/structures/hashtables.go:61.2,61.11 1 1
lab3-go/structures/hashtables.go:64.41,69.18 4 1
lab3-go/structures/hashtables.go:69.18,70.22 1 1
lab3-go/structures/hashtables.go:70.22,71.19 1 1
lab3-go/structures/hashtables.go:71.19,73.5 1 0
lab3-go/structures/hashtables.go:73.10,75.5 1 1
lab3-go/structures/hashtables.go:76.4,77.10 2 1
lab3-go/structures/hashtables.go:79.3,80.19 2 1
lab3-go/structures/hashtables.go:85.56,87.16 2 1
lab3-go/structures/hashtables.go:87.16,89.3 1 0
lab3-go/structures/hashtables.go:90.2,92.32 3 1
lab3-go/structures/hashtables.go:92.32,94.19 2 1
lab3-go/structures/hashtables.go:94.19,97.4 2 1
lab3-go/structures/hashtables.go:99.2,99.12 1 1
lab3-go/structures/hashtables.go:102.58,104.16 2 1
lab3-go/structures/hashtables.go:104.16,106.3 1 0
lab3-go/structures/hashtables.go:107.2,113.28 6 1
lab3-go/structures/hashtables.go:113.28,117.3 3 1
lab3-go/structures/hashtables.go:118.2,118.12 1 1
lab3-go/structures/hashtables.go:122.58,124.32 2 1
lab3-go/structures/hashtables.go:124.32,126.19 2 1
lab3-go/structures/hashtables.go:126.19,129.4 2 1
lab3-go/structures/hashtables.go:131.2,132.16 2 1
lab3-go/structures/hashtables.go:132.16,134.3 1 0
lab3-go/structures/hashtables.go:135.2,136.42 2 1
lab3-go/structures/hashtables.go:139.60,141.16 2 1
lab3-go/structures/hashtables.go:141.16,143.3 1 0
lab3-go/structures/hashtables.go:144.2,146.59 3 1
lab3-go/structures/hashtables.go:146.59,148.3 1 0
lab3-go/structures/hashtables.go:149.2,151.25 3 1
lab3-go/structures/hashtables.go:151.25,153.3 1 1
lab3-go/structures/hashtables.go:154.2,154.12 1 1
lab3-go/structures/list.go:22.43,24.19 2 1
lab3-go/structures/list.go:24.19,27.3 2 1
lab3-go/structures/list.go:27.8,30.3 2 1
lab3-go/structures/list.go:31.2,31.10 1 1
lab3-go/structures/list.go:34.44,37.19 3 1
lab3-go/structures/list.go:37.19,39.3 1 1
lab3-go/structures/list.go:40.2,40.10 1 1
lab3-go/structures/list.go:43.54,45.18 2 1
lab3-go/structures/list.go:45.18,46.26 1 1
lab3-go/structures/list.go:46.26,49.22 3 1
lab3-go/structures/list.go:49.22,51.5 1 1
lab3-go/structures/list.go:52.4,53.10 2 1
lab3-go/structures/list.go:55.3,55.19 1 0
lab3-go/structures/list.go:59.55,60.19 1 1
lab3-go/structures/list.go:60.19,62.3 1 1
lab3-go/structures/list.go:63.2,63.27 1 1
lab3-go/structures/list.go:63.27,66.3 2 1
lab3-go/structures/list.go:67.2,68.23 2 1
lab3-go/structures/list.go:68.23,69.31 1 1
lab3-go/structures/list.go:69.31,74.4 4 1
lab3-go/structures/list.go:75.3,75.19 1 1
lab3-go/structures/list.go:79.33,80.19 1 1
lab3-go/structures/list.go:80.19,82.3 1 1
lab3-go/structures/list.go:83.2,84.19 2 1
lab3-go/structures/list.go:84.19,86.3 1 1
lab3-go/structures/list.go:87.2,87.10 1 1
lab3-go/structures/list.go:90.32,91.19 1 1
lab3-go/structures/list.go:91.19,93.3 1 1
lab3-go/structures/list.go:94.2,94.22 1 1
lab3-go/structures/list.go:94.22,97.3 2 1
lab3-go/structures/list.go:97.8,99.27 2 0
lab3-go/structures/list.go:99.27,101.4 1 0
lab3-go/structures/list.go:102.3,103.16 2 0
lab3-go/structures/list.go:105.2,105.10 1 1
lab3-go/structures/list.go:108.48,109.19 1 1
lab3-go/structures/list.go:109.19,111.3 1 1
lab3-go/structures/list.go:112.2,112.24 1 1
lab3-go/structures/list.go:112.24,115.3 2 1
lab3-go/structures/list.go:116.2,117.23 2 1
lab3-go/structures/list.go:117.23,118.28 1 1
lab3-go/structures/list.go:118.28,119.27 1 1
lab3-go/structures/list.go:119.27,121.5 1 1
lab3-go/structures/list.go:122.4,124.10 3 1
lab3-go/structures/list.go:126.3,126.19 1 1
lab3-go/structures/list.go:130.46,132.18 2 1
lab3-go/structures/list.go:132.18,133.23 1 1
lab3-go/structures/list.go:133.23,135.4 1 1
lab3-go/structures/list.go:136.3,136.19 1 1
lab3-go/structures/list.go:138.2,138.14 1 0
lab3-go/structures/list.go:142.56,144.16 2 1
lab3-go/structures/list.go:144.16,146.3 1 0
lab3-go/structures/list.go:147.2,149.18 3 1
lab3-go/structures/list.go:149.18,152.3 2 1
lab3-go/structures/list.go:153.2,153.12 1 1
lab3-go/structures/list.go:156.58,158.16 2 1
lab3-go/structures/list.go:158.16,160.3 1 0
lab3-go/structures/list.go:161.2,166.6 6 1
lab3-go/structures/list.go:166.6,168.17 2 1
lab3-go/structures/list.go:168.17,169.9 1 1
lab3-go/structures/list.go:171.3,171.18 1 1
lab3-go/structures/list.go:173.2,173.12 1 1
lab3-go/structures/list.go:176.58,179.18 3 1
lab3-go/structures/list.go:179.18,182.3 2 1
lab3-go/structures/list.go:183.2,184.16 2 1
lab3-go/structures/list.go:184.16,186.3 1 0
lab3-go/structures/list.go:187.2,188.42 2 1
lab3-go/structures/list.go:191.60,193.16 2 1
lab3-go/structures/list.go:193.16,195.3 1 0
lab3-go/structures/list.go:196.2,198.59 3 1
lab3-go/structures/list.go:198.59,200.3 1 0
lab3-go/structures/list.go:201.2,202.25 2 1
lab3-go/structures/list.go:202.25,204.3 1 1
lab3-go/structures/list.go:205.2,205.12 1 1
lab3-go/structures/list.go:222.43,224.19 2 1
lab3-go/structures/list.go:224.19,227.3 2 1
lab3-go/structures/list.go:227.8,231.3 3 1
lab3-go/structures/list.go:232.2,232.10 1 1
lab3-go/structures/list.go:235.44,237.19 2 1
lab3-go/structures/list.go:237.19,240.3 2 0
lab3-go/structures/list.go:240.8,244.3 3 1
lab3-go/structures/list.go:245.2,245.10 1 1
lab3-go/structures/list.go:248.33,249.19 1 1
lab3-go/structures/list.go:249.19,251.3 1 1
lab3-go/structures/list.go:252.2,253.19 2 1
lab3-go/structures/list.go:253.19,255.3 1 1
lab3-go/structures/list.go:255.8,257.3 1 0
lab3-go/structures/list.go:258.2,258.10 1 1
lab3-go/structures/list.go:261.32,262.19 1 1
lab3-go/structures/list.go:262.19,264.3 1 1
lab3-go/structures/list.go:265.2,266.19 2 1
lab3-go/structures/list.go:266.19,268.3 1 0
lab3-go/structures/list.go:268.8,270.3 1 1
lab3-go/structures/list.go:271.2,271.10 1 1
lab3-go/structures/list.go:274.46,276.18 2 1
lab3-go/structures/list.go:276.18,277.23 1 1
lab3-go/structures/list.go:277.23,279.4 1 1
lab3-go/structures/list.go:280.3,280.19 1 1
lab3-go/structures/list.go:282.2,282.14 1 1
lab3-go/structures/list.go:286.56,288.16 2 1
lab3-go/structures/list.go:288.16,290.3 1 0
lab3-go/structures/list.go:291.2,293.18 3 1
lab3-go/structures/list.go:293.18,296.3 2 1
lab3-go/structures/list.go:297.2,297.12 1 1
lab3-go/structures/list.go:300.58,302.16 2 1
lab3-go/structures/list.go:302.16,304.3 1 0
lab3-go/structures/list.go:305.2,308.6 4 1
lab3-go/structures/list.go:308.6,310.17 2 1
lab3-go/structures/list.go:310.17,311.9 1 1
lab3-go/structures/list.go:313.3,313.18 1 1
lab3-go/structures/list.go:315.2,315.12 1 1
lab3-go/structures/list.go:318.58,321.18 3 1
lab3-go/structures/list.go:321.18,324.3 2 1
lab3-go/structures/list.go:325.2,326.16 2 1
lab3-go/structures/list.go:326.16,328.3 1 0
lab3-go/structures/list.go:329.2,330.42 2 1
lab3-go/structures/list.go:333.60,335.16 2 1
lab3-go/structures/list.go:335.16,337.3 1 0
lab3-go/structures/list.go:338.2,340.59 3 1
lab3-go/structures/list.go:340.59,342.3 1 0
lab3-go/structures/list.go:343.2,344.25 2 1
lab3-go/structures/list.go:344.25,346.3 1 1
lab3-go/structures/list.go:347.2,347.12 1 1
lab3-go/structures/queue.go:17.31,25.2 1 1
lab3-go/structures/queue.go:27.26,30.31 3 1
lab3-go/structures/queue.go:30.31,32.3 1 1
lab3-go/structures/queue.go:33.2,36.22 4 1
lab3-go/structures/queue.go:39.34,40.27 1 1
lab3-go/structures/queue.go:40.27,42.3 1 1
lab3-go/structures/queue.go:43.2,45.11 3 1
lab3-go/structures/queue.go:48.30,49.18 1 1
lab3-go/structures/queue.go:49.18,51.3 1 1
lab3-go/structures/queue.go:52.2,55.12 4 1
lab3-go/structures/queue.go:58.31,59.18 1 1
lab3-go/structures/queue.go:59.18,61.3 1 1
lab3-go/structures/queue.go:62.2,62.24 1 1
lab3-go/structures/queue.go:66.51,68.16 2 1
lab3-go/structures/queue.go:68.16,70.3 1 0
lab3-go/structures/queue.go:71.2,73.31 3 1
lab3-go/structures/queue.go:73.31,75.3 1 1
lab3-go/structures/queue.go:76.2,76.12 1 1
lab3-go/structures/queue.go:79.53,81.16 2 1
lab3-go/structures/queue.go:81.16,83.3 1 1
lab3-go/structures/queue.go:84.2,89.21 5 1
lab3-go/structures/queue.go:89.21,91.3 1 0
lab3-go/structures/queue.go:92.2,94.28 3 1
lab3-go/structures/queue.go:94.28,98.3 3 1
lab3-go/structures/queue.go:99.2,99.12 1 1
lab3-go/structures/queue.go:102.53,104.16 2 1
lab3-go/structures/queue.go:104.16,106.3 1 0
lab3-go/structures/queue.go:107.2,110.31 3 1
lab3-go/structures/queue.go:110.31,112.3 1 1
lab3-go/structures/queue.go:113.2,113.42 1 1
lab3-go/structures/queue.go:116.55,118.16 2 1
lab3-go/structures/queue.go:118.16,120.3 1 0
lab3-go/structures/queue.go:121.2,123.59 3 1
lab3-go/structures/queue.go:123.59,125.3 1 0
lab3-go/structures/queue.go:126.2,127.21 2 1
lab3-go/structures/queue.go:127.21,129.3 1 0
lab3-go/structures/queue.go:130.2,132.25 3 1
lab3-go/structures/queue.go:132.25,134.3 1 1
lab3-go/structures/queue.go:135.2,135.12 1 1
lab3-go/structures/stack.go:13.34,15.2 1 1
lab3-go/structures/stack.go:17.30,18.22 1 1
lab3-go/structures/stack.go:18.22,20.3 1 1
lab3-go/structures/stack.go:21.2,23.12 3 1
lab3-go/structures/stack.go:26.31,27.22 1 1
lab3-go/structures/stack.go:27.22,29.3 1 1
lab3-go/structures/stack.go:30.2,30.30 1 1
lab3-go/structures/stack.go:33.28,35.2 1 0
lab3-go/structures/stack.go:38.51,40.16 2 1
lab3-go/structures/stack.go:40.16,42.3 1 0
lab3-go/structures/stack.go:43.2,45.27 3 1
lab3-go/structures/stack.go:45.27,47.3 1 1
lab3-go/structures/stack.go:48.2,48.12 1 1
lab3-go/structures/stack.go:51.53,53.16 2 1
lab3-go/structures/stack.go:53.16,55.3 1 0
lab3-go/structures/stack.go:56.2,60.28 5 1
lab3-go/structures/stack.go:60.28,64.3 3 1
lab3-go/structures/stack.go:65.2,65.12 1 1
lab3-go/structures/stack.go:68.53,70.16 2 1
lab3-go/structures/stack.go:70.16,72.3 1 0
lab3-go/structures/stack.go:73.2,74.44 2 1
lab3-go/structures/stack.go:77.55,79.16 2 1
lab3-go/structures/stack.go:79.16,81.3 1 0
lab3-go/structures/stack.go:82.2,83.45 2 1
lab3-go/structures/tree.go:20.46,22.19 2 1
lab3-go/structures/tree.go:22.19,26.3 3 1
lab3-go/structures/tree.go:28.2,29.21 2 1
lab3-go/structures/tree.go:29.21,33.23 3 1
lab3-go/structures/tree.go:33.23,37.4 3 1
lab3-go/structures/tree.go:37.9,39.4 1 1
lab3-go/structures/tree.go:41.3,41.24 1 1
lab3-go/structures/tree.go:41.24,45.4 3 1
lab3-go/structures/tree.go:45.9,47.4 1 1
lab3-go/structures/tree.go:51.49,52.19 1 1
lab3-go/structures/tree.go:52.19,54.3 1 1
lab3-go/structures/tree.go:55.2,56.21 2 1
lab3-go/structures/tree.go:56.21,59.23 3 1
lab3-go/structures/tree.go:59.23,61.4 1 1
lab3-go/structures/tree.go:62.3,62.23 1 1
lab3-go/structures/tree.go:62.23,64.4 1 1
lab3-go/structures/tree.go:65.3,65.24 1 1
lab3-go/structures/tree.go:65.24,67.4 1 1
lab3-go/structures/tree.go:69.2,69.14 1 1
lab3-go/structures/tree.go:72.48,73.19 1 1
lab3-go/structures/tree.go:73.19,75.3 1 1
lab3-go/structures/tree.go:76.2,78.21 3 1
lab3-go/structures/tree.go:78.21,82.23 3 1
lab3-go/structures/tree.go:82.23,83.12 1 1
lab3-go/structures/tree.go:83.12,85.5 1 0
lab3-go/structures/tree.go:86.4,86.36 1 1
lab3-go/structures/tree.go:87.9,89.4 1 1
lab3-go/structures/tree.go:91.3,91.24 1 1
lab3-go/structures/tree.go:91.24,92.12 1 1
lab3-go/structures/tree.go:92.12,94.5 1 0
lab3-go/structures/tree.go:95.4,95.37 1 1
lab3-go/structures/tree.go:96.9,98.4 1 1
lab3-go/structures/tree.go:100.2,100.13 1 1
lab3-go/structures/tree.go:104.64,106.16 2 1
lab3-go/structures/tree.go:106.16,108.3 1 0
lab3-go/structures/tree.go:109.2,110.19 2 1
lab3-go/structures/tree.go:110.19,112.3 1 1
lab3-go/structures/tree.go:113.2,114.21 2 1
lab3-go/structures/tree.go:114.21,118.23 4 1
lab3-go/structures/tree.go:118.23,120.4 1 1
lab3-go/structures/tree.go:121.3,121.24 1 1
lab3-go/structures/tree.go:121.24,123.4 1 1
lab3-go/structures/tree.go:125.2,125.12 1 1
lab3-go/structures/tree.go:128.66,130.16 2 1
lab3-go/structures/tree.go:130.16,132.3 1 0
lab3-go/structures/tree.go:133.2,137.6 5 1
lab3-go/structures/tree.go:137.6,139.17 2 1
lab3-go/structures/tree.go:139.17,140.9 1 1
lab3-go/structures/tree.go:142.3,142.16 1 1
lab3-go/structures/tree.go:144.2,144.12 1 1
lab3-go/structures/tree.go:147.66,150.19 2 1
lab3-go/structures/tree.go:150.19,152.22 2 1
lab3-go/structures/tree.go:152.22,156.24 4 1
lab3-go/structures/tree.go:156.24,158.5 1 1
lab3-go/structures/tree.go:159.4,159.25 1 1
lab3-go/structures/tree.go:159.25,161.5 1 1
lab3-go/structures/tree.go:164.2,165.16 2 1
lab3-go/structures/tree.go:165.16,167.3 1 0
lab3-go/structures/tree.go:168.2,169.42 2 1
lab3-go/structures/tree.go:172.68,174.16 2 1
lab3-go/structures/tree.go:174.16,176.3 1 0
lab3-go/structures/tree.go:177.2,179.59 3 1
lab3-go/structures/tree.go:179.59,181.3 1 0
lab3-go/structures/tree.go:182.2,184.25 3 1
lab3-go/structures/tree.go:184.25,186.3 1 1
lab3-go/structures/tree.go:187.2,187.12 1 1
